<?xml version="1.0" encoding="UTF-8"?>
<!-- Generated by org.testng.reporters.JUnitReportReporter -->
<testsuite hostname="Lenovo-A" failures="0" tests="1" name="crm.ProdVendTest.CreateProVenEndtoEndTest" time="31.206" errors="0" timestamp="2022-03-24T11:46:22 IST" skipped="0">
  <testcase classname="crm.ProdVendTest.CreateProVenEndtoEndTest" name="vendorCreate" time="31.206"/>
  <system-out>
    <![CDATA[Product and Vendor Linked]]>
  </system-out>
</testsuite> <!-- crm.ProdVendTest.CreateProVenEndtoEndTest -->
