<?xml version="1.0" encoding="UTF-8"?>
<!-- Generated by org.testng.reporters.JUnitReportReporter -->
<testsuite hostname="Lenovo-A" failures="0" tests="1" name="crm.ProdVendTest.CreateVendorTest" time="20.640" errors="0" timestamp="2022-03-24T11:45:41 IST" skipped="0">
  <testcase classname="crm.ProdVendTest.CreateVendorTest" name="vendorCreateTest" time="20.640"/>
  <system-out/>
</testsuite> <!-- crm.ProdVendTest.CreateVendorTest -->
